<?xml version="1.0" encoding="UTF-8"?>
<testng-results ignored="0" total="1" passed="1" failed="0" skipped="0">
  <reporter-output>
  </reporter-output>
  <suite started-at="2021-02-15T19:01:12 IST" name="Default suite" finished-at="2021-02-15T19:01:33 IST" duration-ms="20706">
    <groups>
    </groups>
    <test started-at="2021-02-15T19:01:12 IST" name="Default test" finished-at="2021-02-15T19:01:33 IST" duration-ms="20706">
      <class name="Step.com.Ex6b">
        <test-method signature="guru99tutorials()[pri:0, instance:Step.com.Ex6b@4ef37659]" started-at="2021-02-15T19:01:12 IST" name="guru99tutorials" finished-at="2021-02-15T19:01:33 IST" duration-ms="20640" status="PASS">
          <reporter-output>
          </reporter-output>
        </test-method> <!-- guru99tutorials -->
      </class> <!-- Step.com.Ex6b -->
    </test> <!-- Default test -->
  </suite> <!-- Default suite -->
</testng-results>
